#
# There is insufficient memory for the Java Runtime Environment to continue.
# Native memory allocation (malloc) failed to allocate 1048576 bytes for AllocateHeap
# Possible reasons:
#   The system is out of physical RAM or swap space
#   The process is running with CompressedOops enabled, and the Java Heap may be blocking the growth of the native heap
# Possible solutions:
#   Reduce memory load on the system
#   Increase physical memory or swap space
#   Check if swap backing store is full
#   Decrease Java heap size (-Xmx/-Xms)
#   Decrease number of Java threads
#   Decrease Java thread stack sizes (-Xss)
#   Set larger code cache with -XX:ReservedCodeCacheSize=
#   JVM is running with Unscaled Compressed Oops mode in which the Java heap is
#     placed in the first 4GB address space. The Java Heap base address is the
#     maximum limit for the native heap growth. Please use -XX:HeapBaseMinAddress
#     to set the Java Heap base and to place the Java Heap above 4GB virtual address.
# This output file may be truncated or incomplete.
#
#  Out of Memory Error (allocation.cpp:44), pid=17500, tid=7964
#
# JRE version:  (19.0.1+10) (build )
# Java VM: Java HotSpot(TM) 64-Bit Server VM (19.0.1+10-21, mixed mode, sharing, tiered, compressed oops, compressed class ptrs, g1 gc, windows-amd64)
# No core dump will be written. Minidumps are not enabled by default on client versions of Windows
#

---------------  S U M M A R Y ------------

Command Line: com.edusys.ui.KhoaHocJDialog

Host: Intel(R) Core(TM) i5-3210M CPU @ 2.50GHz, 4 cores, 7G,  Windows 10 , 64 bit Build 19041 (10.0.19041.3570)
Time: Sat Oct 14 23:45:21 2023 SE Asia Standard Time elapsed time: 0.021374 seconds (0d 0h 0m 0s)

---------------  T H R E A D  ---------------

Current thread (0x000002565f94da70):  JavaThread "Unknown thread" [_thread_in_vm, id=7964, stack(0x000000bb5c100000,0x000000bb5c200000)]

Stack: [0x000000bb5c100000,0x000000bb5c200000]
Native frames: (J=compiled Java code, j=interpreted, Vv=VM code, C=native code)
V  [jvm.dll+0x6ee8fa]
V  [jvm.dll+0x857a1e]
V  [jvm.dll+0x85940e]
V  [jvm.dll+0x859ac3]
V  [jvm.dll+0x28291f]
V  [jvm.dll+0xc40eb]
V  [jvm.dll+0x335479]
V  [jvm.dll+0x32d574]
V  [jvm.dll+0x821b20]
V  [jvm.dll+0x3c27c1]
V  [jvm.dll+0x8022f1]
V  [jvm.dll+0x44b30f]
V  [jvm.dll+0x44cc91]
C  [jli.dll+0x5287]
C  [ucrtbase.dll+0x21bb2]
C  [KERNEL32.DLL+0x17344]
C  [ntdll.dll+0x526b1]


---------------  P R O C E S S  ---------------

Threads class SMR info:
_java_thread_list=0x00007ffc28fbd048, length=0, elements={
}

Java Threads: ( => current thread )

Other Threads:
  0x000002565f9af5d0 WorkerThread "GC Thread#0" [stack: 0x000000bb5c200000,0x000000bb5c300000] [id=8856]

[error occurred during error reporting (printing all threads), id 0xc0000005, EXCEPTION_ACCESS_VIOLATION (0xc0000005) at pc=0x00007ffc2877a630]

VM state: not at safepoint (not fully initialized)

VM Mutex/Monitor currently owned by a thread:  ([mutex/lock_event])
[0x000002565f94b0f0] Heap_lock - owner thread: 0x000002565f94da70

Heap address: 0x0000000081c00000, size: 2020 MB, Compressed Oops mode: 32-bit

CDS archive(s) mapped at: [0x0000000000000000-0x0000000000000000-0x0000000000000000), size 0, SharedBaseAddress: 0x0000000800000000, ArchiveRelocationMode: 0.
Narrow klass base: 0x0000000000000000, Narrow klass shift: 0, Narrow klass range: 0x0

GC Precious Log:
 CardTable entry size: 512
 Card Set container configuration: InlinePtr #cards 5 size 8 Array Of Cards #cards 12 size 40 Howl #buckets 4 coarsen threshold 1843 Howl Bitmap #cards 512 size 80 coarsen threshold 460 Card regions per heap region 1 cards per card region 2048

Heap:
 garbage-first heap   total 0K, used 0K [0x0000000081c00000, 0x0000000100000000)
  region size 1024K, 0 young (0K), 0 survivors (0K)

[error occurred during error reporting (printing heap information), id 0xc0000005, EXCEPTION_ACCESS_VIOLATION (0xc0000005) at pc=0x00007ffc28b86959]

GC Heap History (0 events):
No events

Dll operation events (1 events):
Event: 0.014 Loaded shared library C:\Program Files\Java\jdk-19\bin\java.dll

Deoptimization events (0 events):
No events

Classes loaded (0 events):
No events

Classes unloaded (0 events):
No events

Classes redefined (0 events):
No events

Internal exceptions (0 events):
No events

VM Operations (0 events):
No events

Events (0 events):
No events


Dynamic libraries:
0x00007ff6983e0000 - 0x00007ff6983f0000 	C:\Program Files\Java\jdk-19\bin\java.exe
0x00007ffca9eb0000 - 0x00007ffcaa0a7000 	C:\Windows\SYSTEM32\ntdll.dll
0x00007ffca9610000 - 0x00007ffca96cd000 	C:\Windows\System32\KERNEL32.DLL
0x00007ffca78a0000 - 0x00007ffca7b96000 	C:\Windows\System32\KERNELBASE.dll
0x00007ffca7d70000 - 0x00007ffca7e70000 	C:\Windows\System32\ucrtbase.dll
0x00007ffca1f90000 - 0x00007ffca1fab000 	C:\Program Files\Java\jdk-19\bin\VCRUNTIME140.dll
0x00007ffca1e50000 - 0x00007ffca1e68000 	C:\Program Files\Java\jdk-19\bin\jli.dll
0x00007ffca9560000 - 0x00007ffca960e000 	C:\Windows\System32\ADVAPI32.dll
0x00007ffca8280000 - 0x00007ffca831e000 	C:\Windows\System32\msvcrt.dll
0x00007ffca8470000 - 0x00007ffca850c000 	C:\Windows\System32\sechost.dll
0x00007ffca9d40000 - 0x00007ffca9e66000 	C:\Windows\System32\RPCRT4.dll
0x00007ffca8740000 - 0x00007ffca88de000 	C:\Windows\System32\USER32.dll
0x00007ffca7590000 - 0x00007ffca75b2000 	C:\Windows\System32\win32u.dll
0x00007ffca9030000 - 0x00007ffca905c000 	C:\Windows\System32\GDI32.dll
0x00007ffca7670000 - 0x00007ffca778a000 	C:\Windows\System32\gdi32full.dll
0x00007ffca7e70000 - 0x00007ffca7f0d000 	C:\Windows\System32\msvcp_win.dll
0x00007ffc9a8b0000 - 0x00007ffc9ab4a000 	C:\Windows\WinSxS\amd64_microsoft.windows.common-controls_6595b64144ccf1df_6.0.19041.3570_none_60bb2a3971f3e41a\COMCTL32.dll
0x00007ffc9d980000 - 0x00007ffc9d98a000 	C:\Windows\SYSTEM32\VERSION.dll
0x00007ffca83d0000 - 0x00007ffca8400000 	C:\Windows\System32\IMM32.DLL
0x00007ffca3450000 - 0x00007ffca345c000 	C:\Program Files\Java\jdk-19\bin\vcruntime140_1.dll
0x00007ffc8a550000 - 0x00007ffc8a5de000 	C:\Program Files\Java\jdk-19\bin\msvcp140.dll
0x00007ffc28440000 - 0x00007ffc29100000 	C:\Program Files\Java\jdk-19\bin\server\jvm.dll
0x00007ffc97720000 - 0x00007ffc97729000 	C:\Windows\SYSTEM32\WSOCK32.dll
0x00007ffca9bf0000 - 0x00007ffca9c5b000 	C:\Windows\System32\WS2_32.dll
0x00007ffc8bac0000 - 0x00007ffc8bae7000 	C:\Windows\SYSTEM32\WINMM.dll
0x00007ffca5430000 - 0x00007ffca5442000 	C:\Windows\SYSTEM32\kernel.appcore.dll
0x00007ffca2380000 - 0x00007ffca238a000 	C:\Program Files\Java\jdk-19\bin\jimage.dll
0x00007ffc9cfc0000 - 0x00007ffc9d1a4000 	C:\Windows\SYSTEM32\DBGHELP.DLL
0x00007ffc9cf50000 - 0x00007ffc9cf84000 	C:\Windows\SYSTEM32\dbgcore.DLL
0x00007ffca7810000 - 0x00007ffca7892000 	C:\Windows\System32\bcryptPrimitives.dll
0x00007ffca0dc0000 - 0x00007ffca0de6000 	C:\Program Files\Java\jdk-19\bin\java.dll

dbghelp: loaded successfully - version: 4.0.5 - missing functions: none
symbol engine: initialized successfully - sym options: 0x614 - pdb path: .;C:\Program Files\Java\jdk-19\bin;C:\Windows\SYSTEM32;C:\Windows\WinSxS\amd64_microsoft.windows.common-controls_6595b64144ccf1df_6.0.19041.3570_none_60bb2a3971f3e41a;C:\Program Files\Java\jdk-19\bin\server

VM Arguments:
java_command: com.edusys.ui.KhoaHocJDialog
java_class_path (initial): C:\FPT Polytechnic\SOF2041_DuAnMau\EduSys\target\classes;C:\Users\Admin\.m2\repository\com\microsoft\sqlserver\mssql-jdbc\9.4.1.jre11\mssql-jdbc-9.4.1.jre11.jar;C:\Users\Admin\.m2\repository\org\nosceon\titanite\titanite-auth\1.3.0\titanite-auth-1.3.0.jar;C:\Users\Admin\.m2\repository\org\nosceon\titanite\titanite\1.3.0\titanite-1.3.0.jar;C:\Users\Admin\.m2\repository\io\netty\netty-codec-http\4.0.23.Final\netty-codec-http-4.0.23.Final.jar;C:\Users\Admin\.m2\repository\io\netty\netty-codec\4.0.23.Final\netty-codec-4.0.23.Final.jar;C:\Users\Admin\.m2\repository\io\netty\netty-transport\4.0.23.Final\netty-transport-4.0.23.Final.jar;C:\Users\Admin\.m2\repository\io\netty\netty-handler\4.0.23.Final\netty-handler-4.0.23.Final.jar;C:\Users\Admin\.m2\repository\io\netty\netty-buffer\4.0.23.Final\netty-buffer-4.0.23.Final.jar;C:\Users\Admin\.m2\repository\io\netty\netty-common\4.0.23.Final\netty-common-4.0.23.Final.jar;C:\Users\Admin\.m2\repository\org\slf4j\slf4j-api\1.7.7\slf4j-api-1.7.7.jar
Launcher Type: SUN_STANDARD

[Global flags]
     intx CICompilerCount                          = 3                                         {product} {ergonomic}
     uint ConcGCThreads                            = 1                                         {product} {ergonomic}
     uint G1ConcRefinementThreads                  = 4                                         {product} {ergonomic}
   size_t G1HeapRegionSize                         = 1048576                                   {product} {ergonomic}
    uintx GCDrainStackTargetSize                   = 64                                        {product} {ergonomic}
   size_t InitialHeapSize                          = 134217728                                 {product} {ergonomic}
   size_t MarkStackSize                            = 4194304                                   {product} {ergonomic}
   size_t MaxHeapSize                              = 2118123520                                {product} {ergonomic}
   size_t MinHeapDeltaBytes                        = 1048576                                   {product} {ergonomic}
   size_t MinHeapSize                              = 8388608                                   {product} {ergonomic}
    uintx NonNMethodCodeHeapSize                   = 5832780                                {pd product} {ergonomic}
    uintx NonProfiledCodeHeapSize                  = 122912730                              {pd product} {ergonomic}
    uintx ProfiledCodeHeapSize                     = 122912730                              {pd product} {ergonomic}
    uintx ReservedCodeCacheSize                    = 251658240                              {pd product} {ergonomic}
     bool SegmentedCodeCache                       = true                                      {product} {ergonomic}
   size_t SoftMaxHeapSize                          = 2118123520                             {manageable} {ergonomic}
     bool UseCompressedClassPointers               = true                           {product lp64_product} {ergonomic}
     bool UseCompressedOops                        = true                           {product lp64_product} {ergonomic}
     bool UseG1GC                                  = true                                      {product} {ergonomic}
     bool UseLargePagesIndividualAllocation        = false                                  {pd product} {ergonomic}

Logging:
Log output configuration:
 #0: stdout all=warning uptime,level,tags foldmultilines=false
 #1: stderr all=off uptime,level,tags foldmultilines=false

Environment Variables:
JAVA_HOME=C:\Program Files\Java\jdk-19
PATH=C:\Program Files\Microsoft MPI\Bin\;C:\Program Files\Common Files\Oracle\Java\javapath;C:\Program Files (x86)\Common Files\Oracle\Java\javapath;C:\Windows\system32;C:\Windows;C:\Windows\System32\Wbem;C:\Windows\System32\WindowsPowerShell\v1.0\;C:\Windows\System32\OpenSSH\;C:\Program Files\Azure Data Studio\bin;C:\Program Files (x86)\Microsoft SQL Server\160\Tools\Binn\;C:\Program Files\Microsoft SQL Server\160\Tools\Binn\;C:\Program Files\Microsoft SQL Server\Client SDK\ODBC\170\Tools\Binn\;C:\Program Files\Microsoft SQL Server\160\DTS\Binn\;C:\Program Files (x86)\Microsoft SQL Server\160\DTS\Binn\;C:\Program Files\Java\jdk-19\bin;C:\Program Files\Git\cmd;C:\Program Files\MySQL\MySQL Shell 8.0\bin\;C:\Users\Admin\AppData\Local\Microsoft\WindowsApps;;C:\Users\Admin\AppData\Local\Programs\Microsoft VS Code\bin;C:\Program Files\Azure Data Studio\bin;C:\Program Files\JetBrains\IntelliJ IDEA Community Edition 2023.2.1\bin;
USERNAME=Admin
OS=Windows_NT
PROCESSOR_IDENTIFIER=Intel64 Family 6 Model 58 Stepping 9, GenuineIntel
TMP=C:\Users\Admin\AppData\Local\Temp
TEMP=C:\Users\Admin\AppData\Local\Temp



---------------  S Y S T E M  ---------------

OS:
 Windows 10 , 64 bit Build 19041 (10.0.19041.3570)
OS uptime: 2 days 13:37 hours

CPU: total 4 (initial active 4) (2 cores per cpu, 2 threads per core) family 6 model 58 stepping 9 microcode 0x21, cx8, cmov, fxsr, ht, mmx, sse, sse2, sse3, ssse3, sse4.1, sse4.2, popcnt, tsc, tscinvbit, avx, aes, erms, clmul, vzeroupper, clflush, rdtscp

Memory: 4k page, system-wide physical 8077M (328M free)
TotalPageFile size 17703M (AvailPageFile size 4M)
current process WorkingSet (physical memory assigned to process): 10M, peak: 10M
current process commit charge ("private bytes"): 50M, peak: 50M

vm_info: Java HotSpot(TM) 64-Bit Server VM (19.0.1+10-21) for windows-amd64 JRE (19.0.1+10-21), built on 2022-09-14T12:45:06Z by "mach5one" with MS VC++ 17.1 (VS2022)

END.
